0 info it worked if it ends with ok
1 verbose cli [ 'C:\\Program Files\\nodejs\\node.exe',
1 verbose cli   'C:\\Program Files\\nodejs\\node_modules\\npm\\bin\\npm-cli.js',
1 verbose cli   'run',
1 verbose cli   'dev' ]
2 info using npm@4.0.5
3 info using node@v7.4.0
4 verbose run-script [ 'predev', 'dev', 'postdev' ]
5 info lifecycle webpack-project-5@1.0.0~predev: webpack-project-5@1.0.0
6 silly lifecycle webpack-project-5@1.0.0~predev: no script for predev, continuing
7 info lifecycle webpack-project-5@1.0.0~dev: webpack-project-5@1.0.0
8 verbose lifecycle webpack-project-5@1.0.0~dev: unsafe-perm in lifecycle true
9 verbose lifecycle webpack-project-5@1.0.0~dev: PATH: C:\Program Files\nodejs\node_modules\npm\bin\node-gyp-bin;D:\ReactWorksapce\webpack-project-5\node_modules\.bin;C:\Program Files (x86)\LaserGauge\DLL\;D:\Android\androidstuiosdk\platform-tools;C:\Program Files\nodejs\node_global;C:\Ruby23-x64\bin;%JAVA_HOME%\bin;%ANDROID_HOME%;C:\Program Files\PHP\v5.3;C:\Program Files (x86)\Mozilla Firefox;C:\ProgramData\Oracle\Java\javapath;C:\Program Files (x86)\Intel\iCLS Client\;C:\Program Files\Intel\iCLS Client\;C:\Program Files (x86)\NVIDIA Corporation\PhysX\Common;C:\Windows\system32;C:\Windows;C:\Windows\System32\Wbem;C:\Windows\System32\WindowsPowerShell\v1.0\;C:\Program Files\Intel\WiFi\bin\;C:\Program Files\Common Files\Intel\WirelessCommon\;C:\Program Files\Intel\Intel(R) Management Engine Components\DAL;C:\Program Files\Intel\Intel(R) Management Engine Components\IPT;C:\Program Files (x86)\Intel\Intel(R) Management Engine Components\DAL;C:\Program Files (x86)\Intel\Intel(R) Management Engine Components\IPT;C:\Program Files\Git\bin;C:\Program Files\Intel\WiFi\bin\;C:\Program Files\Common Files\Intel\WirelessCommon\;C:\Users\hasee\AppData\Local\atom\bin;C:\Users\hasee\AppData\Roaming\npm;C:\Users\hasee\AppData\Roaming\npm;D:\XAMPP\php;C:\ProgramData\ComposerSetup\bin;C:\Program Files\nodejs\;C:\Program Files\Java\jdk1.8.0_102\bin;D:\Android\androidstudiosdk\ndk-bundle;C:\Users\hasee\AppData\Local\Programs\Python\Python36-32\Scripts\;C:\Users\hasee\AppData\Local\Programs\Python\Python36-32\;C:\Program Files\Intel\WiFi\bin\;C:\Program Files\Common Files\Intel\WirelessCommon\;C:\Users\hasee\AppData\Roaming\npm;C:\Users\hasee\AppData\Roaming\npm;C:\Users\hasee\AppData\Roaming\Composer\vendor\bin;C:\Users\hasee\AppData\Local\Programs\Fiddler
10 verbose lifecycle webpack-project-5@1.0.0~dev: CWD: D:\ReactWorksapce\webpack-project-5
11 silly lifecycle webpack-project-5@1.0.0~dev: Args: [ '/d /s /c', 'webpack-dev-server' ]
12 silly lifecycle webpack-project-5@1.0.0~dev: Returned: code: 3221225786  signal: null
13 info lifecycle webpack-project-5@1.0.0~dev: Failed to exec dev script
14 verbose stack Error: webpack-project-5@1.0.0 dev: `webpack-dev-server`
14 verbose stack Exit status 3221225786
14 verbose stack     at EventEmitter.<anonymous> (C:\Program Files\nodejs\node_modules\npm\lib\utils\lifecycle.js:279:16)
14 verbose stack     at emitTwo (events.js:106:13)
14 verbose stack     at EventEmitter.emit (events.js:191:7)
14 verbose stack     at ChildProcess.<anonymous> (C:\Program Files\nodejs\node_modules\npm\lib\utils\spawn.js:40:14)
14 verbose stack     at emitTwo (events.js:106:13)
14 verbose stack     at ChildProcess.emit (events.js:191:7)
14 verbose stack     at maybeClose (internal/child_process.js:885:16)
14 verbose stack     at Process.ChildProcess._handle.onexit (internal/child_process.js:226:5)
15 verbose pkgid webpack-project-5@1.0.0
16 verbose cwd D:\ReactWorksapce\webpack-project-5
17 error Windows_NT 6.1.7601
18 error argv "C:\\Program Files\\nodejs\\node.exe" "C:\\Program Files\\nodejs\\node_modules\\npm\\bin\\npm-cli.js" "run" "dev"
19 error node v7.4.0
20 error npm  v4.0.5
21 error code ELIFECYCLE
22 error webpack-project-5@1.0.0 dev: `webpack-dev-server`
22 error Exit status 3221225786
23 error Failed at the webpack-project-5@1.0.0 dev script 'webpack-dev-server'.
23 error Make sure you have the latest version of node.js and npm installed.
23 error If you do, this is most likely a problem with the webpack-project-5 package,
23 error not with npm itself.
23 error Tell the author that this fails on your system:
23 error     webpack-dev-server
23 error You can get information on how to open an issue for this project with:
23 error     npm bugs webpack-project-5
23 error Or if that isn't available, you can get their info via:
23 error     npm owner ls webpack-project-5
23 error There is likely additional logging output above.
24 verbose exit [ 1, true ]
